<?xml version="1.0" encoding="UTF-8"?>
<testng-results skipped="0" failed="0" ignored="0" total="1" passed="1">
  <reporter-output>
  </reporter-output>
  <suite name="Default suite" duration-ms="4429" started-at="2021-07-03T08:54:59Z" finished-at="2021-07-03T08:55:04Z">
    <groups>
    </groups>
    <test name="Default test" duration-ms="4429" started-at="2021-07-03T08:54:59Z" finished-at="2021-07-03T08:55:04Z">
      <class name="com.qa.api.gorest.tests.CreateProfileTest">
        <test-method status="PASS" signature="createProfileTest()[pri:0, instance:com.qa.api.gorest.tests.CreateProfileTest@754ba872]" name="createProfileTest" duration-ms="4394" started-at="2021-07-03T08:54:59Z" finished-at="2021-07-03T08:55:04Z">
          <reporter-output>
          </reporter-output>
        </test-method> <!-- createProfileTest -->
      </class> <!-- com.qa.api.gorest.tests.CreateProfileTest -->
    </test> <!-- Default test -->
  </suite> <!-- Default suite -->
</testng-results>
